#
# A fatal error has been detected by the Java Runtime Environment:
#
#  SIGSEGV (0xb) at pc=0x000000010cd19908, pid=8986, tid=16899
#
# JRE version: Java(TM) SE Runtime Environment (8.0_65-b17) (build 1.8.0_65-b17)
# Java VM: Java HotSpot(TM) 64-Bit Server VM (25.65-b01 mixed mode bsd-amd64 compressed oops)
# Problematic frame:
# V  [libjvm.dylib+0x446908]  Method::checked_resolve_jmethod_id(_jmethodID*)+0xe
#
# Failed to write core dump. Core dumps have been disabled. To enable core dumping, try "ulimit -c unlimited" before starting Java again
#
# If you would like to submit a bug report, please visit:
#   http://bugreport.java.com/bugreport/crash.jsp
#

---------------  T H R E A D  ---------------

Current thread (0x00007f9a71842800):  JavaThread "JDWP Transport Listener: dt_socket" daemon [_thread_in_vm, id=16899, stack(0x0000700000ab8000,0x0000700000bb8000)]

siginfo: si_signo: 11 (SIGSEGV), si_code: 0 (unknown), si_addr: 0x0000000000000000

Registers:
RAX=0x0000000000000001, RBX=0x0000700000bb7a8b, RCX=0x000000010d0e8310, RDX=0x0000700000bb7a8b
RSP=0x0000700000bb79d0, RBP=0x0000700000bb79e0, RSI=0x00007f9a71842800, RDI=0x000307f9a716e82d
R8 =0x0000000000000000, R9 =0x00007f9a71644d00, R10=0x0000000047806d3d, R11=0x00007f9a71600000
R12=0x00007f9a71842800, R13=0x000307f9a716e82d, R14=0x000307f9a716e82d, R15=0x00007f9a7140fe30
RIP=0x000000010cd19908, EFLAGS=0x0000000000010206, ERR=0x0000000000000000
  TRAPNO=0x000000000000000d

Top of Stack: (sp=0x0000700000bb79d0)
0x0000700000bb79d0:   0000700000bb7a8b 0000700000bb7a8b
0x0000700000bb79e0:   0000700000bb7a40 000000010cc28a02
0x0000700000bb79f0:   00007f9a71842800 0000000000000000
0x0000700000bb7a00:   0000000000000000 0000000000000000
0x0000700000bb7a10:   00007f9a71842800 00007f9a71842800
0x0000700000bb7a20:   0000700000bb7a8b 0000700000bb7a90
0x0000700000bb7a30:   000307f9a716e82d 0000000000000005
0x0000700000bb7a40:   0000700000bb7a60 000000010d8c0780
0x0000700000bb7a50:   0000000000000001 0000700000bb7b08
0x0000700000bb7a60:   0000700000bb7ad0 000000010d8a51f3
0x0000700000bb7a70:   0000700000bb7aa0 00007f9a71643f20
0x0000700000bb7a80:   0000000600000032 0000000800bb7b08
0x0000700000bb7a90:   0000000000000000 0000000000000000
0x0000700000bb7aa0:   0000000000000000 0000700000bb7c90
0x0000700000bb7ab0:   000000010d8c7e7a 00007f9a75171bb0
0x0000700000bb7ac0:   0000700000bb7b08 000000010d8d3598
0x0000700000bb7ad0:   0000700000bb7ae0 000000010d8a52ec
0x0000700000bb7ae0:   0000700000bb7d00 000000010d8ae898
0x0000700000bb7af0:   00010d9c00000013 00000000000f0200
0x0000700000bb7b00:   00007f9a75173880 00007f9a751738bf
0x0000700000bb7b10:   00007f9a00000229 00007f9a75173200
0x0000700000bb7b20:   00007f9a0000012c 0000700000bb7b58
0x0000700000bb7b30:   00007f9a75173200 0000000000000000
0x0000700000bb7b40:   00010d9c0000000f 0000000000000080
0x0000700000bb7b50:   0000700000bb7b58 9a7f000006000000
0x0000700000bb7b60:   06000000889e2975 00003e74696e693c
0x0000700000bb7b70:   612f6b754c285e00 64642f6962652f63
0x0000700000bb7b80:   65722f6970612f69 61702f7372656461
0x0000700000bb7b90:   632f73772f626478 61502f746e65696c
0x0000700000bb7ba0:   6e65696c43424478 2f6176616a4c3b74
0x0000700000bb7bb0:   7274532f676e616c 76616a4c3b676e69
0x0000700000bb7bc0:   532f676e616c2f61 56293b676e697274 

Instructions: (pc=0x000000010cd19908)
0x000000010cd198e8:   40 48 48 85 c0 75 e0 30 c0 0f b6 c0 5d c3 31 c0
0x000000010cd198f8:   5d c3 55 48 89 e5 53 48 83 ec 08 48 85 ff 74 24
0x000000010cd19908:   48 8b 1f 48 85 db 74 1c 48 83 fb 37 74 16 48 8b
0x000000010cd19918:   03 48 89 df ff 50 10 84 c0 b8 00 00 00 00 48 0f 

Register to memory mapping:

RAX=0x0000000000000001 is an unknown value
RBX=0x0000700000bb7a8b is pointing into the stack for thread: 0x00007f9a71842800
RCX=0x000000010d0e8310: UseMembar+0 in /Library/Java/JavaVirtualMachines/jdk1.8.0_65.jdk/Contents/Home/jre/lib/server/libjvm.dylib at 0x000000010c8d3000
RDX=0x0000700000bb7a8b is pointing into the stack for thread: 0x00007f9a71842800
RSP=0x0000700000bb79d0 is pointing into the stack for thread: 0x00007f9a71842800
RBP=0x0000700000bb79e0 is pointing into the stack for thread: 0x00007f9a71842800
RSI=0x00007f9a71842800 is a thread
RDI=0x000307f9a716e82d is an unknown value
R8 =0x0000000000000000 is an unknown value
R9 =0x00007f9a71644d00 is an unknown value
R10=0x0000000047806d3d is an unknown value
R11=0x00007f9a71600000 is an unknown value
R12=0x00007f9a71842800 is a thread
R13=0x000307f9a716e82d is an unknown value
R14=0x000307f9a716e82d is an unknown value
R15=0x00007f9a7140fe30 is an unknown value


Stack: [0x0000700000ab8000,0x0000700000bb8000],  sp=0x0000700000bb79d0,  free space=1022k
Native frames: (J=compiled Java code, j=interpreted, Vv=VM code, C=native code)
V  [libjvm.dylib+0x446908]  Method::checked_resolve_jmethod_id(_jmethodID*)+0xe
V  [libjvm.dylib+0x355a02]  jvmti_IsMethodSynthetic+0xb2
C  [libjdwp.dylib+0x20780]  isMethodSynthetic+0x63
C  [libjdwp.dylib+0x51f3]  methods1+0x10b
C  [libjdwp.dylib+0x52ec]  methodsWithGeneric+0xe
C  [libjdwp.dylib+0xe898]  debugLoop_run+0x1ce
C  [libjdwp.dylib+0x1f6ba]  attachThread+0x4d
V  [libjvm.dylib+0x396d60]  JvmtiAgentThread::call_start_function()+0x38
V  [libjvm.dylib+0x5612d3]  JavaThread::thread_main_inner()+0x9b
V  [libjvm.dylib+0x5629ce]  JavaThread::run()+0x1c2
V  [libjvm.dylib+0x48342e]  java_start(Thread*)+0xf6
C  [libsystem_pthread.dylib+0x399d]  _pthread_body+0x83
C  [libsystem_pthread.dylib+0x391a]  _pthread_body+0x0
C  [libsystem_pthread.dylib+0x1351]  thread_start+0xd
C  0x0000000000000000


---------------  P R O C E S S  ---------------

Java Threads: ( => current thread )
  0x00007f9a7417f000 JavaThread "MongoCleaner410958248" daemon [_thread_blocked, id=13575, stack(0x00007000013d3000,0x00007000014d3000)]
  0x00007f9a71ec2000 JavaThread "cluster-1-localhost:27017" daemon [_thread_blocked, id=7943, stack(0x00007000012d0000,0x00007000013d0000)]
  0x00007f9a72044000 JavaThread "Service Thread" daemon [_thread_blocked, id=19971, stack(0x00007000010ca000,0x00007000011ca000)]
  0x00007f9a7301e000 JavaThread "C1 CompilerThread2" daemon [_thread_blocked, id=19459, stack(0x0000700000fc7000,0x00007000010c7000)]
  0x00007f9a7301d000 JavaThread "C2 CompilerThread1" daemon [_thread_blocked, id=18947, stack(0x0000700000ec4000,0x0000700000fc4000)]
  0x00007f9a7184c000 JavaThread "C2 CompilerThread0" daemon [_thread_blocked, id=18435, stack(0x0000700000dc1000,0x0000700000ec1000)]
  0x00007f9a7184d000 JavaThread "JDWP Command Reader" daemon [_thread_in_native, id=17923, stack(0x0000700000cbe000,0x0000700000dbe000)]
  0x00007f9a73021000 JavaThread "JDWP Event Helper Thread" daemon [_thread_blocked, id=17411, stack(0x0000700000bbb000,0x0000700000cbb000)]
=>0x00007f9a71842800 JavaThread "JDWP Transport Listener: dt_socket" daemon [_thread_in_vm, id=16899, stack(0x0000700000ab8000,0x0000700000bb8000)]
  0x00007f9a71842000 JavaThread "Signal Dispatcher" daemon [_thread_blocked, id=13839, stack(0x00007000009b5000,0x0000700000ab5000)]
  0x00007f9a73002000 JavaThread "Finalizer" daemon [_thread_blocked, id=11779, stack(0x000070000082f000,0x000070000092f000)]
  0x00007f9a7282c800 JavaThread "Reference Handler" daemon [_thread_blocked, id=11267, stack(0x000070000072c000,0x000070000082c000)]
  0x00007f9a72000800 JavaThread "main" [_thread_blocked, id=4099, stack(0x0000700000084000,0x0000700000184000)]

Other Threads:
  0x00007f9a72829800 VMThread [stack: 0x0000700000629000,0x0000700000729000] [id=10755]
  0x00007f9a7203d800 WatcherThread [stack: 0x00007000011cd000,0x00007000012cd000] [id=20483]

VM state:not at safepoint (normal execution)

VM Mutex/Monitor currently owned by a thread: None

Heap:
 PSYoungGen      total 169472K, used 56572K [0x000000076ab00000, 0x000000077b680000, 0x00000007c0000000)
  eden space 128000K, 11% used [0x000000076ab00000,0x000000076b9c37c0,0x0000000772800000)
  from space 41472K, 99% used [0x0000000772800000,0x000000077507bb70,0x0000000775080000)
  to   space 49152K, 0% used [0x0000000778680000,0x0000000778680000,0x000000077b680000)
 ParOldGen       total 258048K, used 108988K [0x00000006c0000000, 0x00000006cfc00000, 0x000000076ab00000)
  object space 258048K, 42% used [0x00000006c0000000,0x00000006c6a6f110,0x00000006cfc00000)
 Metaspace       used 30882K, capacity 31370K, committed 31616K, reserved 1077248K
  class space    used 3783K, capacity 3919K, committed 3968K, reserved 1048576K

Card table byte_map: [0x000000011d600000,0x000000011de01000] byte_map_base: 0x000000011a000000

Marking Bits: (ParMarkBitMap*) 0x000000010d1b1e20
 Begin Bits: [0x000000011e357000, 0x0000000122357000)
 End Bits:   [0x0000000122357000, 0x0000000126357000)

Polling page: 0x000000010d89f000

CodeCache: size=245760Kb used=11778Kb max_used=12503Kb free=233981Kb
 bounds [0x000000010d901000, 0x000000010e551000, 0x000000011c901000]
 total_blobs=3560 nmethods=3154 adapters=327
 compilation: enabled

Compilation events (10 events):
Event: 676.414 Thread 0x00007f9a7301e000 3609       3       java.lang.StringBuilder::append (6 bytes)
Event: 676.414 Thread 0x00007f9a7301e000 nmethod 3609 0x000000010da2eb10 code [0x000000010da2ec80, 0x000000010da2ef08]
Event: 676.414 Thread 0x00007f9a7301e000 3608       3       java.util.regex.Pattern$BranchConn::match (11 bytes)
Event: 676.415 Thread 0x00007f9a7301e000 nmethod 3608 0x000000010da562d0 code [0x000000010da56440, 0x000000010da56688]
Event: 796.812 Thread 0x00007f9a7301e000 3610       3       sun.util.locale.provider.LocaleProviderAdapter::getAdapter (171 bytes)
Event: 796.813 Thread 0x00007f9a7301e000 nmethod 3610 0x000000010ddf1ed0 code [0x000000010ddf2180, 0x000000010ddf3378]
Event: 796.836 Thread 0x00007f9a7301e000 3611       3       org.bson.io.PoolOutputBuffer::asAscii (76 bytes)
Event: 796.837 Thread 0x00007f9a7301e000 nmethod 3611 0x000000010daafad0 code [0x000000010daafce0, 0x000000010dab0648]
Event: 796.848 Thread 0x00007f9a7301e000 3612       3       java.util.LinkedList::add (7 bytes)
Event: 796.849 Thread 0x00007f9a7301e000 nmethod 3612 0x000000010ddd0cd0 code [0x000000010ddd0e40, 0x000000010ddd1068]

GC Heap History (10 events):
Event: 9.313 GC heap before
{Heap before GC invocations=7 (full 1):
 PSYoungGen      total 76288K, used 65536K [0x000000076ab00000, 0x0000000773c00000, 0x00000007c0000000)
  eden space 65536K, 100% used [0x000000076ab00000,0x000000076eb00000,0x000000076eb00000)
  from space 10752K, 0% used [0x000000076eb00000,0x000000076eb00000,0x000000076f580000)
  to   space 8704K, 0% used [0x0000000773380000,0x0000000773380000,0x0000000773c00000)
 ParOldGen       total 99840K, used 7068K [0x00000006c0000000, 0x00000006c6180000, 0x000000076ab00000)
  object space 99840K, 7% used [0x00000006c0000000,0x00000006c06e72e0,0x00000006c6180000)
 Metaspace       used 25791K, capacity 26146K, committed 26624K, reserved 1073152K
  class space    used 3094K, capacity 3229K, committed 3328K, reserved 1048576K
Event: 9.323 GC heap after
Heap after GC invocations=7 (full 1):
 PSYoungGen      total 108032K, used 5909K [0x000000076ab00000, 0x0000000773980000, 0x00000007c0000000)
  eden space 101888K, 0% used [0x000000076ab00000,0x000000076ab00000,0x0000000770e80000)
  from space 6144K, 96% used [0x0000000773380000,0x00000007739455b0,0x0000000773980000)
  to   space 8192K, 0% used [0x0000000772980000,0x0000000772980000,0x0000000773180000)
 ParOldGen       total 99840K, used 7076K [0x00000006c0000000, 0x00000006c6180000, 0x000000076ab00000)
  object space 99840K, 7% used [0x00000006c0000000,0x00000006c06e92e0,0x00000006c6180000)
 Metaspace       used 25791K, capacity 26146K, committed 26624K, reserved 1073152K
  class space    used 3094K, capacity 3229K, committed 3328K, reserved 1048576K
}
Event: 11.802 GC heap before
{Heap before GC invocations=8 (full 1):
 PSYoungGen      total 108032K, used 107797K [0x000000076ab00000, 0x0000000773980000, 0x00000007c0000000)
  eden space 101888K, 100% used [0x000000076ab00000,0x0000000770e80000,0x0000000770e80000)
  from space 6144K, 96% used [0x0000000773380000,0x00000007739455b0,0x0000000773980000)
  to   space 8192K, 0% used [0x0000000772980000,0x0000000772980000,0x0000000773180000)
 ParOldGen       total 99840K, used 7076K [0x00000006c0000000, 0x00000006c6180000, 0x000000076ab00000)
  object space 99840K, 7% used [0x00000006c0000000,0x00000006c06e92e0,0x00000006c6180000)
 Metaspace       used 30818K, capacity 31234K, committed 31616K, reserved 1077248K
  class space    used 3780K, capacity 3917K, committed 3968K, reserved 1048576K
Event: 11.815 GC heap after
Heap after GC invocations=8 (full 1):
 PSYoungGen      total 137728K, used 8171K [0x000000076ab00000, 0x0000000775e00000, 0x00000007c0000000)
  eden space 129536K, 0% used [0x000000076ab00000,0x000000076ab00000,0x0000000772980000)
  from space 8192K, 99% used [0x0000000772980000,0x000000077317ae80,0x0000000773180000)
  to   space 13824K, 0% used [0x0000000775080000,0x0000000775080000,0x0000000775e00000)
 ParOldGen       total 99840K, used 16501K [0x00000006c0000000, 0x00000006c6180000, 0x000000076ab00000)
  object space 99840K, 16% used [0x00000006c0000000,0x00000006c101d570,0x00000006c6180000)
 Metaspace       used 30818K, capacity 31234K, committed 31616K, reserved 1077248K
  class space    used 3780K, capacity 3917K, committed 3968K, reserved 1048576K
}
Event: 12.941 GC heap before
{Heap before GC invocations=9 (full 1):
 PSYoungGen      total 137728K, used 137693K [0x000000076ab00000, 0x0000000775e00000, 0x00000007c0000000)
  eden space 129536K, 99% used [0x000000076ab00000,0x000000077297c950,0x0000000772980000)
  from space 8192K, 99% used [0x0000000772980000,0x000000077317ae80,0x0000000773180000)
  to   space 13824K, 0% used [0x0000000775080000,0x0000000775080000,0x0000000775e00000)
 ParOldGen       total 99840K, used 16501K [0x00000006c0000000, 0x00000006c6180000, 0x000000076ab00000)
  object space 99840K, 16% used [0x00000006c0000000,0x00000006c101d570,0x00000006c6180000)
 Metaspace       used 30832K, capacity 31234K, committed 31616K, reserved 1077248K
  class space    used 3780K, capacity 3917K, committed 3968K, reserved 1048576K
Event: 12.977 GC heap after
Heap after GC invocations=9 (full 1):
 PSYoungGen      total 141824K, used 13820K [0x000000076ab00000, 0x000000077cd00000, 0x00000007c0000000)
  eden space 128000K, 0% used [0x000000076ab00000,0x000000076ab00000,0x0000000772800000)
  from space 13824K, 99% used [0x0000000775080000,0x0000000775dff3e0,0x0000000775e00000)
  to   space 41472K, 0% used [0x0000000772800000,0x0000000772800000,0x0000000775080000)
 ParOldGen       total 99840K, used 75004K [0x00000006c0000000, 0x00000006c6180000, 0x000000076ab00000)
  object space 99840K, 75% used [0x00000006c0000000,0x00000006c493f3b0,0x00000006c6180000)
 Metaspace       used 30832K, capacity 31234K, committed 31616K, reserved 1077248K
  class space    used 3780K, capacity 3917K, committed 3968K, reserved 1048576K
}
Event: 12.977 GC heap before
{Heap before GC invocations=10 (full 2):
 PSYoungGen      total 141824K, used 13820K [0x000000076ab00000, 0x000000077cd00000, 0x00000007c0000000)
  eden space 128000K, 0% used [0x000000076ab00000,0x000000076ab00000,0x0000000772800000)
  from space 13824K, 99% used [0x0000000775080000,0x0000000775dff3e0,0x0000000775e00000)
  to   space 41472K, 0% used [0x0000000772800000,0x0000000772800000,0x0000000775080000)
 ParOldGen       total 99840K, used 75004K [0x00000006c0000000, 0x00000006c6180000, 0x000000076ab00000)
  object space 99840K, 75% used [0x00000006c0000000,0x00000006c493f3b0,0x00000006c6180000)
 Metaspace       used 30832K, capacity 31234K, committed 31616K, reserved 1077248K
  class space    used 3780K, capacity 3917K, committed 3968K, reserved 1048576K
Event: 13.109 GC heap after
Heap after GC invocations=10 (full 2):
 PSYoungGen      total 141824K, used 0K [0x000000076ab00000, 0x000000077cd00000, 0x00000007c0000000)
  eden space 128000K, 0% used [0x000000076ab00000,0x000000076ab00000,0x0000000772800000)
  from space 13824K, 0% used [0x0000000775080000,0x0000000775080000,0x0000000775e00000)
  to   space 41472K, 0% used [0x0000000772800000,0x0000000772800000,0x0000000775080000)
 ParOldGen       total 258048K, used 87277K [0x00000006c0000000, 0x00000006cfc00000, 0x000000076ab00000)
  object space 258048K, 33% used [0x00000006c0000000,0x00000006c553b410,0x00000006cfc00000)
 Metaspace       used 30832K, capacity 31234K, committed 31616K, reserved 1077248K
  class space    used 3780K, capacity 3917K, committed 3968K, reserved 1048576K
}
Event: 13.475 GC heap before
{Heap before GC invocations=11 (full 2):
 PSYoungGen      total 141824K, used 128000K [0x000000076ab00000, 0x000000077cd00000, 0x00000007c0000000)
  eden space 128000K, 100% used [0x000000076ab00000,0x0000000772800000,0x0000000772800000)
  from space 13824K, 0% used [0x0000000775080000,0x0000000775080000,0x0000000775e00000)
  to   space 41472K, 0% used [0x0000000772800000,0x0000000772800000,0x0000000775080000)
 ParOldGen       total 258048K, used 87277K [0x00000006c0000000, 0x00000006cfc00000, 0x000000076ab00000)
  object space 258048K, 33% used [0x00000006c0000000,0x00000006c553b410,0x00000006cfc00000)
 Metaspace       used 30832K, capacity 31234K, committed 31616K, reserved 1077248K
  class space    used 3780K, capacity 3917K, committed 3968K, reserved 1048576K
Event: 13.506 GC heap after
Heap after GC invocations=11 (full 2):
 PSYoungGen      total 169472K, used 41454K [0x000000076ab00000, 0x000000077b680000, 0x00000007c0000000)
  eden space 128000K, 0% used [0x000000076ab00000,0x000000076ab00000,0x0000000772800000)
  from space 41472K, 99% used [0x0000000772800000,0x000000077507bb70,0x0000000775080000)
  to   space 49152K, 0% used [0x0000000778680000,0x0000000778680000,0x000000077b680000)
 ParOldGen       total 258048K, used 108988K [0x00000006c0000000, 0x00000006cfc00000, 0x000000076ab00000)
  object space 258048K, 42% used [0x00000006c0000000,0x00000006c6a6f110,0x00000006cfc00000)
 Metaspace       used 30832K, capacity 31234K, committed 31616K, reserved 1077248K
  class space    used 3780K, capacity 3917K, committed 3968K, reserved 1048576K
}

Deoptimization events (10 events):
Event: 10.666 Thread 0x00007f9a72000800 Uncommon trap: reason=bimorphic action=maybe_recompile pc=0x000000010e1fe7cc method=java.security.MessageDigest$Delegate.engineUpdate([BII)V @ 7
Event: 10.667 Thread 0x00007f9a72000800 Uncommon trap: reason=unstable_if action=reinterpret pc=0x000000010ddfe454 method=java.lang.ThreadLocal$ThreadLocalMap.getEntry(Ljava/lang/ThreadLocal;)Ljava/lang/ThreadLocal$ThreadLocalMap$Entry; @ 29
Event: 10.668 Thread 0x00007f9a72000800 Uncommon trap: reason=bimorphic action=maybe_recompile pc=0x000000010e1fe7cc method=java.security.MessageDigest$Delegate.engineUpdate([BII)V @ 7
Event: 10.668 Thread 0x00007f9a72000800 Uncommon trap: reason=bimorphic action=maybe_recompile pc=0x000000010e1fe7cc method=java.security.MessageDigest$Delegate.engineUpdate([BII)V @ 7
Event: 10.668 Thread 0x00007f9a72000800 Uncommon trap: reason=bimorphic action=maybe_recompile pc=0x000000010e1fe7cc method=java.security.MessageDigest$Delegate.engineUpdate([BII)V @ 7
Event: 10.721 Thread 0x00007f9a72000800 Uncommon trap: reason=unstable_if action=reinterpret pc=0x000000010dbb94f4 method=java.lang.ThreadLocal$ThreadLocalMap.getEntry(Ljava/lang/ThreadLocal;)Ljava/lang/ThreadLocal$ThreadLocalMap$Entry; @ 29
Event: 10.807 Thread 0x00007f9a72000800 Uncommon trap: reason=class_check action=maybe_recompile pc=0x000000010e22c300 method=sun.security.provider.DigestBase.engineUpdate([BII)V @ 128
Event: 10.847 Thread 0x00007f9a72000800 Uncommon trap: reason=bimorphic action=maybe_recompile pc=0x000000010df20d8c method=java.net.URL.<init>(Ljava/net/URL;Ljava/lang/String;Ljava/net/URLStreamHandler;)V @ 504
Event: 613.796 Thread 0x00007f9a72000800 Uncommon trap: reason=predicate action=maybe_recompile pc=0x000000010e536e3c method=java.util.AbstractCollection.toArray([Ljava/lang/Object;)[Ljava/lang/Object; @ 49
Event: 796.836 Thread 0x00007f9a72000800 Uncommon trap: reason=unstable_if action=reinterpret pc=0x000000010dd1de40 method=java.net.URLStreamHandler.parseURL(Ljava/net/URL;Ljava/lang/String;II)V @ 682

Internal exceptions (10 events):
Event: 10.693 Thread 0x00007f9a72000800 Exception <a 'java/lang/NoSuchMethodError': <clinit>> (0x00000007700029f8) thrown at [/Users/java_re/workspace/8-2-build-macosx-x86_64/jdk8u65/4987/hotspot/src/share/vm/prims/jni.cpp, line 1591]
Event: 10.704 Thread 0x00007f9a72000800 Exception <a 'java/lang/NoSuchMethodError': <clinit>> (0x0000000770059c38) thrown at [/Users/java_re/workspace/8-2-build-macosx-x86_64/jdk8u65/4987/hotspot/src/share/vm/prims/jni.cpp, line 1591]
Event: 10.705 Thread 0x00007f9a72000800 Exception <a 'java/lang/NoSuchMethodError': <clinit>> (0x0000000770064270) thrown at [/Users/java_re/workspace/8-2-build-macosx-x86_64/jdk8u65/4987/hotspot/src/share/vm/prims/jni.cpp, line 1591]
Event: 10.708 Thread 0x00007f9a72000800 Exception <a 'java/lang/NoSuchMethodError': <clinit>> (0x0000000770087b28) thrown at [/Users/java_re/workspace/8-2-build-macosx-x86_64/jdk8u65/4987/hotspot/src/share/vm/prims/jni.cpp, line 1591]
Event: 10.807 Thread 0x00007f9a72000800 Exception <a 'java/lang/NoSuchMethodError': <clinit>> (0x00000007702a1d30) thrown at [/Users/java_re/workspace/8-2-build-macosx-x86_64/jdk8u65/4987/hotspot/src/share/vm/prims/jni.cpp, line 1591]
Event: 10.842 Thread 0x00007f9a72000800 Exception <a 'java/lang/ClassNotFoundException': uk/ac/ebi/ddi/pipeline/indexer/tasklet/generation/GenerateFromAPIOmicsDITaskletBeanInfo> (0x00000007704b6b48) thrown at [/Users/java_re/workspace/8-2-build-macosx-x86_64/jdk8u65/4987/hotspot/src/share/vm/cl
Event: 10.843 Thread 0x00007f9a72000800 Exception <a 'java/lang/ClassNotFoundException': uk/ac/ebi/ddi/pipeline/indexer/tasklet/AbstractTaskletBeanInfo> (0x00000007704eade0) thrown at [/Users/java_re/workspace/8-2-build-macosx-x86_64/jdk8u65/4987/hotspot/src/share/vm/classfile/systemDictionary.
Event: 10.844 Thread 0x00007f9a72000800 Exception <a 'java/lang/ClassNotFoundException': uk/ac/ebi/ddi/pipeline/indexer/tasklet/AbstractTaskletCustomizer> (0x00000007705201b0) thrown at [/Users/java_re/workspace/8-2-build-macosx-x86_64/jdk8u65/4987/hotspot/src/share/vm/classfile/systemDictionar
Event: 10.845 Thread 0x00007f9a72000800 Exception <a 'java/lang/ClassNotFoundException': uk/ac/ebi/ddi/pipeline/indexer/tasklet/generation/GenerateFromAPIOmicsDITaskletCustomizer> (0x00000007705616a0) thrown at [/Users/java_re/workspace/8-2-build-macosx-x86_64/jdk8u65/4987/hotspot/src/share/vm/
Event: 796.836 Thread 0x00007f9a72000800 Implicit null exception at 0x000000010dd187d5 to 0x000000010dd1de01

Events (10 events):
Event: 1107.680 Executing VM operation: GetOrSetLocal
Event: 1107.680 Executing VM operation: GetOrSetLocal done
Event: 1107.681 Executing VM operation: GetOrSetLocal
Event: 1107.681 Executing VM operation: GetOrSetLocal done
Event: 1107.736 Executing VM operation: GetOrSetLocal
Event: 1107.736 Executing VM operation: GetOrSetLocal done
Event: 1133.317 Executing VM operation: ChangeBreakpoints
Event: 1133.317 Executing VM operation: ChangeBreakpoints done
Event: 1138.102 Executing VM operation: ChangeBreakpoints
Event: 1138.102 Executing VM operation: ChangeBreakpoints done


Dynamic libraries:
0x00000000061d2000 	/System/Library/Frameworks/Cocoa.framework/Versions/A/Cocoa
0x00000000061d2000 	/System/Library/Frameworks/Security.framework/Versions/A/Security
0x00000000061d2000 	/System/Library/Frameworks/ApplicationServices.framework/Versions/A/ApplicationServices
0x00000000061d2000 	/usr/lib/libz.1.dylib
0x00000000061d2000 	/usr/lib/libSystem.B.dylib
0x00000000061d2000 	/usr/lib/libobjc.A.dylib
0x00000000061d2000 	/System/Library/Frameworks/CoreFoundation.framework/Versions/A/CoreFoundation
0x00000000061d2000 	/System/Library/Frameworks/Foundation.framework/Versions/C/Foundation
0x00000000061d2000 	/System/Library/Frameworks/AppKit.framework/Versions/C/AppKit
0x00000000061d2000 	/System/Library/Frameworks/CoreData.framework/Versions/A/CoreData
0x00000000061d2000 	/System/Library/PrivateFrameworks/RemoteViewServices.framework/Versions/A/RemoteViewServices
0x00000000061d2000 	/System/Library/PrivateFrameworks/UIFoundation.framework/Versions/A/UIFoundation
0x00000000061d2000 	/usr/lib/libScreenReader.dylib
0x00000000061d2000 	/System/Library/Frameworks/Accelerate.framework/Versions/A/Accelerate
0x00000000061d2000 	/System/Library/Frameworks/IOSurface.framework/Versions/A/IOSurface
0x00000000061d2000 	/System/Library/Frameworks/AudioToolbox.framework/Versions/A/AudioToolbox
0x00000000061d2000 	/System/Library/Frameworks/AudioUnit.framework/Versions/A/AudioUnit
0x00000000061d2000 	/System/Library/PrivateFrameworks/DataDetectorsCore.framework/Versions/A/DataDetectorsCore
0x00000000061d2000 	/System/Library/PrivateFrameworks/DesktopServicesPriv.framework/Versions/A/DesktopServicesPriv
0x00000000061d2000 	/System/Library/Frameworks/Carbon.framework/Versions/A/Frameworks/HIToolbox.framework/Versions/A/HIToolbox
0x00000000061d2000 	/System/Library/Frameworks/QuartzCore.framework/Versions/A/QuartzCore
0x00000000061d2000 	/System/Library/Frameworks/Carbon.framework/Versions/A/Frameworks/SpeechRecognition.framework/Versions/A/SpeechRecognition
0x00000000061d2000 	/usr/lib/libauto.dylib
0x00000000061d2000 	/usr/lib/libicucore.A.dylib
0x00000000061d2000 	/usr/lib/libxml2.2.dylib
0x00000000061d2000 	/System/Library/PrivateFrameworks/CoreUI.framework/Versions/A/CoreUI
0x00000000061d2000 	/System/Library/Frameworks/CoreAudio.framework/Versions/A/CoreAudio
0x00000000061d2000 	/System/Library/Frameworks/DiskArbitration.framework/Versions/A/DiskArbitration
0x00000000061d2000 	/usr/lib/liblangid.dylib
0x00000000061d2000 	/System/Library/PrivateFrameworks/MultitouchSupport.framework/Versions/A/MultitouchSupport
0x00000000061d2000 	/System/Library/Frameworks/IOKit.framework/Versions/A/IOKit
0x00000000061d2000 	/usr/lib/libDiagnosticMessagesClient.dylib
0x00000000061d2000 	/System/Library/Frameworks/CoreServices.framework/Versions/A/CoreServices
0x00000000061d2000 	/System/Library/PrivateFrameworks/PerformanceAnalysis.framework/Versions/A/PerformanceAnalysis
0x00000000061d2000 	/System/Library/PrivateFrameworks/GenerationalStorage.framework/Versions/A/GenerationalStorage
0x00000000061d2000 	/System/Library/Frameworks/OpenGL.framework/Versions/A/OpenGL
0x00000000061d2000 	/System/Library/PrivateFrameworks/Sharing.framework/Versions/A/Sharing
0x00000000061d2000 	/System/Library/Frameworks/CoreGraphics.framework/Versions/A/CoreGraphics
0x00000000061d2000 	/System/Library/Frameworks/CoreImage.framework/Versions/A/CoreImage
0x00000000061d2000 	/System/Library/Frameworks/CoreText.framework/Versions/A/CoreText
0x00000000061d2000 	/System/Library/Frameworks/ImageIO.framework/Versions/A/ImageIO
0x00000000061d2000 	/System/Library/PrivateFrameworks/Backup.framework/Versions/A/Backup
0x00000000061d2000 	/usr/lib/libextension.dylib
0x00000000061d2000 	/usr/lib/libarchive.2.dylib
0x00000000061d2000 	/System/Library/Frameworks/CFNetwork.framework/Versions/A/CFNetwork
0x00000000061d2000 	/System/Library/Frameworks/SystemConfiguration.framework/Versions/A/SystemConfiguration
0x00000000061d2000 	/usr/lib/libCRFSuite.dylib
0x00000000061d2000 	/usr/lib/libc++.1.dylib
0x00000000061d2000 	/usr/lib/libc++abi.dylib
0x00000000061d2000 	/usr/lib/system/libcache.dylib
0x00000000061d2000 	/usr/lib/system/libcommonCrypto.dylib
0x00000000061d2000 	/usr/lib/system/libcompiler_rt.dylib
0x00000000061d2000 	/usr/lib/system/libcopyfile.dylib
0x00000000061d2000 	/usr/lib/system/libcorecrypto.dylib
0x00000000061d2000 	/usr/lib/system/libdispatch.dylib
0x00000000061d2000 	/usr/lib/system/libdyld.dylib
0x00000000061d2000 	/usr/lib/system/libkeymgr.dylib
0x00000000061d2000 	/usr/lib/system/liblaunch.dylib
0x00000000061d2000 	/usr/lib/system/libmacho.dylib
0x00000000061d2000 	/usr/lib/system/libquarantine.dylib
0x00000000061d2000 	/usr/lib/system/libremovefile.dylib
0x00000000061d2000 	/usr/lib/system/libsystem_asl.dylib
0x00000000061d2000 	/usr/lib/system/libsystem_blocks.dylib
0x00000000061d2000 	/usr/lib/system/libsystem_c.dylib
0x00000000061d2000 	/usr/lib/system/libsystem_configuration.dylib
0x00000000061d2000 	/usr/lib/system/libsystem_coreservices.dylib
0x00000000061d2000 	/usr/lib/system/libsystem_coretls.dylib
0x00000000061d2000 	/usr/lib/system/libsystem_dnssd.dylib
0x00000000061d2000 	/usr/lib/system/libsystem_info.dylib
0x00000000061d2000 	/usr/lib/system/libsystem_kernel.dylib
0x00000000061d2000 	/usr/lib/system/libsystem_m.dylib
0x00000000061d2000 	/usr/lib/system/libsystem_malloc.dylib
0x00000000061d2000 	/usr/lib/system/libsystem_network.dylib
0x00000000061d2000 	/usr/lib/system/libsystem_networkextension.dylib
0x00000000061d2000 	/usr/lib/system/libsystem_notify.dylib
0x00000000061d2000 	/usr/lib/system/libsystem_platform.dylib
0x00000000061d2000 	/usr/lib/system/libsystem_pthread.dylib
0x00000000061d2000 	/usr/lib/system/libsystem_sandbox.dylib
0x00000000061d2000 	/usr/lib/system/libsystem_secinit.dylib
0x00000000061d2000 	/usr/lib/system/libsystem_trace.dylib
0x00000000061d2000 	/usr/lib/system/libunc.dylib
0x00000000061d2000 	/usr/lib/system/libunwind.dylib
0x00000000061d2000 	/usr/lib/system/libxpc.dylib
0x00000000061d2000 	/usr/lib/libenergytrace.dylib
0x00000000061d2000 	/usr/lib/libbsm.0.dylib
0x00000000061d2000 	/usr/lib/system/libkxld.dylib
0x00000000061d2000 	/usr/lib/libxar.1.dylib
0x00000000061d2000 	/usr/lib/libsqlite3.dylib
0x00000000061d2000 	/usr/lib/libpam.2.dylib
0x00000000061d2000 	/usr/lib/libOpenScriptingUtil.dylib
0x00000000061d2000 	/usr/lib/libbz2.1.0.dylib
0x00000000061d2000 	/usr/lib/liblzma.5.dylib
0x00000000061d2000 	/System/Library/Frameworks/CoreServices.framework/Versions/A/Frameworks/FSEvents.framework/Versions/A/FSEvents
0x00000000061d2000 	/System/Library/Frameworks/CoreServices.framework/Versions/A/Frameworks/CarbonCore.framework/Versions/A/CarbonCore
0x00000000061d2000 	/System/Library/Frameworks/CoreServices.framework/Versions/A/Frameworks/Metadata.framework/Versions/A/Metadata
0x00000000061d2000 	/System/Library/Frameworks/CoreServices.framework/Versions/A/Frameworks/OSServices.framework/Versions/A/OSServices
0x00000000061d2000 	/System/Library/Frameworks/CoreServices.framework/Versions/A/Frameworks/SearchKit.framework/Versions/A/SearchKit
0x00000000061d2000 	/System/Library/Frameworks/CoreServices.framework/Versions/A/Frameworks/AE.framework/Versions/A/AE
0x00000000061d2000 	/System/Library/Frameworks/CoreServices.framework/Versions/A/Frameworks/LaunchServices.framework/Versions/A/LaunchServices
0x00000000061d2000 	/System/Library/Frameworks/CoreServices.framework/Versions/A/Frameworks/DictionaryServices.framework/Versions/A/DictionaryServices
0x00000000061d2000 	/System/Library/Frameworks/CoreServices.framework/Versions/A/Frameworks/SharedFileList.framework/Versions/A/SharedFileList
0x00000000061d2000 	/System/Library/Frameworks/NetFS.framework/Versions/A/NetFS
0x00000000061d2000 	/System/Library/PrivateFrameworks/NetAuth.framework/Versions/A/NetAuth
0x00000000061d2000 	/System/Library/PrivateFrameworks/login.framework/Versions/A/Frameworks/loginsupport.framework/Versions/A/loginsupport
0x00000000061d2000 	/System/Library/PrivateFrameworks/TCC.framework/Versions/A/TCC
0x00000000061d2000 	/usr/lib/libmecabra.dylib
0x00000000061d2000 	/System/Library/Frameworks/ApplicationServices.framework/Versions/A/Frameworks/ATS.framework/Versions/A/ATS
0x00000000061d2000 	/System/Library/Frameworks/ApplicationServices.framework/Versions/A/Frameworks/ColorSync.framework/Versions/A/ColorSync
0x00000000061d2000 	/System/Library/Frameworks/ApplicationServices.framework/Versions/A/Frameworks/HIServices.framework/Versions/A/HIServices
0x00000000061d2000 	/System/Library/Frameworks/ApplicationServices.framework/Versions/A/Frameworks/LangAnalysis.framework/Versions/A/LangAnalysis
0x00000000061d2000 	/System/Library/Frameworks/ApplicationServices.framework/Versions/A/Frameworks/PrintCore.framework/Versions/A/PrintCore
0x00000000061d2000 	/System/Library/Frameworks/ApplicationServices.framework/Versions/A/Frameworks/QD.framework/Versions/A/QD
0x00000000061d2000 	/System/Library/Frameworks/ApplicationServices.framework/Versions/A/Frameworks/SpeechSynthesis.framework/Versions/A/SpeechSynthesis
0x00000000061d2000 	/System/Library/Frameworks/Metal.framework/Versions/A/Metal
0x00000000061d2000 	/System/Library/Frameworks/Accelerate.framework/Versions/A/Frameworks/vImage.framework/Versions/A/vImage
0x00000000061d2000 	/System/Library/Frameworks/Accelerate.framework/Versions/A/Frameworks/vecLib.framework/Versions/A/vecLib
0x00000000061d2000 	/System/Library/Frameworks/Accelerate.framework/Versions/A/Frameworks/vecLib.framework/Versions/A/libvDSP.dylib
0x00000000061d2000 	/System/Library/Frameworks/Accelerate.framework/Versions/A/Frameworks/vecLib.framework/Versions/A/libvMisc.dylib
0x00000000061d2000 	/System/Library/Frameworks/Accelerate.framework/Versions/A/Frameworks/vecLib.framework/Versions/A/libLAPACK.dylib
0x00000000061d2000 	/System/Library/Frameworks/Accelerate.framework/Versions/A/Frameworks/vecLib.framework/Versions/A/libBLAS.dylib
0x00000000061d2000 	/System/Library/Frameworks/Accelerate.framework/Versions/A/Frameworks/vecLib.framework/Versions/A/libLinearAlgebra.dylib
0x00000000061d2000 	/System/Library/Frameworks/Accelerate.framework/Versions/A/Frameworks/vecLib.framework/Versions/A/libSparseBLAS.dylib
0x00000000061d2000 	/System/Library/PrivateFrameworks/GPUCompiler.framework/libmetal_timestamp.dylib
0x00000000061d2000 	/System/Library/Frameworks/OpenGL.framework/Versions/A/Libraries/libCoreFSCache.dylib
0x00000000061d2000 	/System/Library/PrivateFrameworks/IOAccelerator.framework/Versions/A/IOAccelerator
0x00000000061d2000 	/System/Library/Frameworks/ApplicationServices.framework/Versions/A/Frameworks/ATS.framework/Versions/A/Resources/libFontParser.dylib
0x00000000061d2000 	/System/Library/Frameworks/ApplicationServices.framework/Versions/A/Frameworks/ATS.framework/Versions/A/Resources/libFontRegistry.dylib
0x00000000061d2000 	/System/Library/PrivateFrameworks/AppleVPA.framework/Versions/A/AppleVPA
0x00000000061d2000 	/System/Library/PrivateFrameworks/AppleJPEG.framework/Versions/A/AppleJPEG
0x00000000061d2000 	/System/Library/Frameworks/ImageIO.framework/Versions/A/Resources/libJPEG.dylib
0x00000000061d2000 	/System/Library/Frameworks/ImageIO.framework/Versions/A/Resources/libTIFF.dylib
0x00000000061d2000 	/System/Library/Frameworks/ImageIO.framework/Versions/A/Resources/libPng.dylib
0x00000000061d2000 	/System/Library/Frameworks/ImageIO.framework/Versions/A/Resources/libGIF.dylib
0x00000000061d2000 	/System/Library/Frameworks/ImageIO.framework/Versions/A/Resources/libJP2.dylib
0x00000000061d2000 	/System/Library/Frameworks/ImageIO.framework/Versions/A/Resources/libRadiance.dylib
0x00000000061d2000 	/System/Library/Frameworks/CoreVideo.framework/Versions/A/CoreVideo
0x00000000061d2000 	/System/Library/Frameworks/OpenGL.framework/Versions/A/Libraries/libGLU.dylib
0x00000000061d2000 	/System/Library/Frameworks/OpenGL.framework/Versions/A/Libraries/libGFXShared.dylib
0x00000000061d2000 	/System/Library/Frameworks/OpenGL.framework/Versions/A/Libraries/libGL.dylib
0x00000000061d2000 	/System/Library/Frameworks/OpenGL.framework/Versions/A/Libraries/libGLImage.dylib
0x00000000061d2000 	/System/Library/Frameworks/OpenGL.framework/Versions/A/Libraries/libCVMSPluginSupport.dylib
0x00000000061d2000 	/System/Library/Frameworks/OpenGL.framework/Versions/A/Libraries/libCoreVMClient.dylib
0x00000000061d2000 	/usr/lib/libcompression.dylib
0x00000000061d2000 	/usr/lib/libcups.2.dylib
0x00000000061d2000 	/System/Library/Frameworks/Kerberos.framework/Versions/A/Kerberos
0x00000000061d2000 	/System/Library/Frameworks/GSS.framework/Versions/A/GSS
0x00000000061d2000 	/usr/lib/libresolv.9.dylib
0x00000000061d2000 	/usr/lib/libiconv.2.dylib
0x00000000061d2000 	/System/Library/PrivateFrameworks/Heimdal.framework/Versions/A/Heimdal
0x00000000061d2000 	/usr/lib/libheimdal-asn1.dylib
0x00000000061d2000 	/System/Library/Frameworks/OpenDirectory.framework/Versions/A/OpenDirectory
0x00000000061d2000 	/System/Library/PrivateFrameworks/CommonAuth.framework/Versions/A/CommonAuth
0x00000000061d2000 	/System/Library/Frameworks/OpenDirectory.framework/Versions/A/Frameworks/CFOpenDirectory.framework/Versions/A/CFOpenDirectory
0x00000000061d2000 	/System/Library/Frameworks/SecurityFoundation.framework/Versions/A/SecurityFoundation
0x00000000061d2000 	/System/Library/PrivateFrameworks/LanguageModeling.framework/Versions/A/LanguageModeling
0x00000000061d2000 	/usr/lib/libmarisa.dylib
0x00000000061d2000 	/usr/lib/libChineseTokenizer.dylib
0x00000000061d2000 	/usr/lib/libcmph.dylib
0x00000000061d2000 	/System/Library/Frameworks/ServiceManagement.framework/Versions/A/ServiceManagement
0x00000000061d2000 	/usr/lib/libxslt.1.dylib
0x00000000061d2000 	/System/Library/Frameworks/Carbon.framework/Versions/A/Frameworks/Ink.framework/Versions/A/Ink
0x00000000061d2000 	/usr/lib/libFosl_dynamic.dylib
0x00000000061d2000 	/System/Library/PrivateFrameworks/FaceCore.framework/Versions/A/FaceCore
0x00000000061d2000 	/System/Library/Frameworks/OpenCL.framework/Versions/A/OpenCL
0x00000000061d2000 	/System/Library/PrivateFrameworks/CrashReporterSupport.framework/Versions/A/CrashReporterSupport
0x00000000061d2000 	/System/Library/PrivateFrameworks/IconServices.framework/Versions/A/IconServices
0x00000000061d2000 	/System/Library/PrivateFrameworks/Apple80211.framework/Versions/A/Apple80211
0x00000000061d2000 	/System/Library/Frameworks/CoreWLAN.framework/Versions/A/CoreWLAN
0x00000000061d2000 	/System/Library/Frameworks/IOBluetooth.framework/Versions/A/IOBluetooth
0x00000000061d2000 	/System/Library/PrivateFrameworks/CoreWiFi.framework/Versions/A/CoreWiFi
0x00000000061d2000 	/System/Library/Frameworks/CoreBluetooth.framework/Versions/A/CoreBluetooth
0x00000000061d2000 	/System/Library/PrivateFrameworks/ChunkingLibrary.framework/Versions/A/ChunkingLibrary
0x00000000061d2000 	/System/Library/PrivateFrameworks/DebugSymbols.framework/Versions/A/DebugSymbols
0x00000000061d2000 	/System/Library/PrivateFrameworks/CoreSymbolication.framework/Versions/A/CoreSymbolication
0x00000000061d2000 	/System/Library/PrivateFrameworks/Symbolication.framework/Versions/A/Symbolication
0x00000000061d2000 	/System/Library/PrivateFrameworks/SpeechRecognitionCore.framework/Versions/A/SpeechRecognitionCore
0x000000010c8d3000 	/Library/Java/JavaVirtualMachines/jdk1.8.0_65.jdk/Contents/Home/jre/lib/server/libjvm.dylib
0x00000000061d2000 	/usr/lib/libstdc++.6.dylib
0x000000010d85c000 	/Library/Java/JavaVirtualMachines/jdk1.8.0_65.jdk/Contents/Home/jre/lib/libverify.dylib
0x000000010d86a000 	/Library/Java/JavaVirtualMachines/jdk1.8.0_65.jdk/Contents/Home/jre/lib/libjava.dylib
0x000000010d8a0000 	/Library/Java/JavaVirtualMachines/jdk1.8.0_65.jdk/Contents/Home/jre/lib/libjdwp.dylib
0x000000010d8eb000 	/Library/Java/JavaVirtualMachines/jdk1.8.0_65.jdk/Contents/Home/jre/lib/libnpt.dylib
0x000000010d8f8000 	/Library/Java/JavaVirtualMachines/jdk1.8.0_65.jdk/Contents/Home/jre/lib/libzip.dylib
0x0000000128551000 	/System/Library/Frameworks/JavaVM.framework/Frameworks/JavaRuntimeSupport.framework/JavaRuntimeSupport
0x000000011cdea000 	/System/Library/Frameworks/JavaVM.framework/Versions/A/Frameworks/JavaNativeFoundation.framework/Versions/A/JavaNativeFoundation
0x000000012856c000 	/System/Library/Frameworks/JavaVM.framework/Versions/A/JavaVM
0x00000000061d2000 	/System/Library/Frameworks/Carbon.framework/Versions/A/Carbon
0x0000000128579000 	/System/Library/PrivateFrameworks/JavaLaunching.framework/Versions/A/JavaLaunching
0x00000000061d2000 	/System/Library/Frameworks/Carbon.framework/Versions/A/Frameworks/CommonPanels.framework/Versions/A/CommonPanels
0x00000000061d2000 	/System/Library/Frameworks/Carbon.framework/Versions/A/Frameworks/Help.framework/Versions/A/Help
0x00000000061d2000 	/System/Library/Frameworks/Carbon.framework/Versions/A/Frameworks/ImageCapture.framework/Versions/A/ImageCapture
0x00000000061d2000 	/System/Library/Frameworks/Carbon.framework/Versions/A/Frameworks/OpenScripting.framework/Versions/A/OpenScripting
0x00000000061d2000 	/System/Library/Frameworks/Carbon.framework/Versions/A/Frameworks/Print.framework/Versions/A/Print
0x00000000061d2000 	/System/Library/Frameworks/Carbon.framework/Versions/A/Frameworks/SecurityHI.framework/Versions/A/SecurityHI
0x0000000128587000 	/Library/Java/JavaVirtualMachines/jdk1.8.0_65.jdk/Contents/Home/jre/lib/libdt_socket.dylib
0x000000012a5e3000 	/Library/Java/JavaVirtualMachines/jdk1.8.0_65.jdk/Contents/Home/jre/lib/libnet.dylib
0x000000012a46f000 	/Library/Java/JavaVirtualMachines/jdk1.8.0_65.jdk/Contents/Home/jre/lib/libmanagement.dylib
0x000000012a5d3000 	/Library/Java/JavaVirtualMachines/jdk1.8.0_65.jdk/Contents/Home/jre/lib/libnio.dylib
0x000000012a689000 	/Library/Java/JavaVirtualMachines/jdk1.8.0_65.jdk/Contents/Home/jre/lib/libsunec.dylib

VM Arguments:
jvm_args: -agentlib:jdwp=transport=dt_socket,address=127.0.0.1:63496,suspend=y,server=n -Dvisualvm.id=21602183889502 -ea -Dfile.encoding=UTF-8 
java_command: com.intellij.rt.execution.junit.JUnitStarter -ideVersion5 uk.ac.ebi.ddi.pipeline.indexer.tasklet.paxDB.ImportEBeyePaxDBXMLTaskletTest
java_class_path (initial): /Applications/IntelliJ IDEA.app/Contents/lib/idea_rt.jar:/Applications/IntelliJ IDEA.app/Contents/plugins/junit/lib/junit-rt.jar:/Library/Java/JavaVirtualMachines/jdk1.8.0_65.jdk/Contents/Home/jre/lib/charsets.jar:/Library/Java/JavaVirtualMachines/jdk1.8.0_65.jdk/Contents/Home/jre/lib/deploy.jar:/Library/Java/JavaVirtualMachines/jdk1.8.0_65.jdk/Contents/Home/jre/lib/ext/cldrdata.jar:/Library/Java/JavaVirtualMachines/jdk1.8.0_65.jdk/Contents/Home/jre/lib/ext/dnsns.jar:/Library/Java/JavaVirtualMachines/jdk1.8.0_65.jdk/Contents/Home/jre/lib/ext/jaccess.jar:/Library/Java/JavaVirtualMachines/jdk1.8.0_65.jdk/Contents/Home/jre/lib/ext/jfxrt.jar:/Library/Java/JavaVirtualMachines/jdk1.8.0_65.jdk/Contents/Home/jre/lib/ext/localedata.jar:/Library/Java/JavaVirtualMachines/jdk1.8.0_65.jdk/Contents/Home/jre/lib/ext/nashorn.jar:/Library/Java/JavaVirtualMachines/jdk1.8.0_65.jdk/Contents/Home/jre/lib/ext/sunec.jar:/Library/Java/JavaVirtualMachines/jdk1.8.0_65.jdk/Contents/Home/jre/lib/ext/sunjce_provider.jar:/Library/Java/JavaVirtualMachines/jdk1.8.0_65.jdk/Contents/Home/jre/lib/ext/sunpkcs11.jar:/Library/Java/JavaVirtualMachines/jdk1.8.0_65.jdk/Contents/Home/jre/lib/ext/zipfs.jar:/Library/Java/JavaVirtualMachines/jdk1.8.0_65.jdk/Contents/Home/jre/lib/javaws.jar:/Library/Java/JavaVirtualMachines/jdk1.8.0_65.jdk/Contents/Home/jre/lib/jce.jar:/Library/Java/JavaVirtualMachines/jdk1.8.0_65.jdk/Contents/Home/jre/lib/jfr.jar:/Library/Java/JavaVirtualMachines/jdk1.8.0_65.jdk/Contents/Home/jre/lib/jfxswt.jar:/Library/Java/JavaVirtualMachines/jdk1.8.0_65.jdk/Contents/Home/jre/lib/jsse.jar:/Library/Java/JavaVirtualMachines/jdk1.8.0_65.jdk/Contents/Home/jre/lib/management-agent.jar:/Library/Java/JavaVirtualMachines/jdk1.8.0_65.jdk/Contents/Home/jre/lib/plugin.jar:/Library/Java/JavaVirtualMachines/jdk1.8.0_65.jdk/Contents/Home/jre/lib/resources.jar:/Library/Java/JavaVirtualMachines/jdk1.8.0_65.jdk/Contents/Home/jre/lib/rt.jar:/Library/Java/JavaVirtualMachines/jdk1.8
Launcher Type: SUN_STANDARD

Environment Variables:
JAVA_HOME=/Library/Java/JavaVirtualMachines/jdk1.8.0_65.jdk/Contents/Home/
PATH=/Users/yperez/local-apps/anaconda2/bin:/usr/local/sbin:/Users/yperez/local-apps/apache-maven-3.3.3/bin:/Library/Frameworks/Python.framework/Versions/3.4/bin:/opt/local/bin:/opt/local/sbin:/usr/local/bin:/usr/bin:/bin:/usr/sbin:/sbin:/opt/X11/bin:/usr/local/munki:/Library/TeX/texbin:/Users/yperez/local-apps/apache-maven-3.1.1/bin:/Users/yperez/local-apps/apache-ant-1.9.4/bin:/usr/local/texlive/2015basic/bin/x86_64-darwin/:/Library/Frameworks/R.framework/Resources/:/Users/yperez/local-apps/ms/crux/bin:/usr/local/bin/scala/bin:/Users/yperez/local-apps/edirect:/Users/yperez/local-apps/edirect
SHELL=/bin/bash
DISPLAY=/private/tmp/com.apple.launchd.Wv2DObYmYN/org.macosforge.xquartz:0

Signal Handlers:
SIGSEGV: [libjvm.dylib+0x5a6d31], sa_mask[0]=11111111011111110111111111111111, sa_flags=SA_ONSTACK|SA_RESTART|SA_SIGINFO
SIGBUS: [libjvm.dylib+0x5a6d31], sa_mask[0]=11111111011111110111111111111111, sa_flags=SA_RESTART|SA_SIGINFO
SIGFPE: [libjvm.dylib+0x480a40], sa_mask[0]=11111111011111110111111111111111, sa_flags=SA_RESTART|SA_SIGINFO
SIGPIPE: [libjvm.dylib+0x480a40], sa_mask[0]=11111111011111110111111111111111, sa_flags=SA_RESTART|SA_SIGINFO
SIGXFSZ: [libjvm.dylib+0x480a40], sa_mask[0]=11111111011111110111111111111111, sa_flags=SA_RESTART|SA_SIGINFO
SIGILL: [libjvm.dylib+0x480a40], sa_mask[0]=11111111011111110111111111111111, sa_flags=SA_RESTART|SA_SIGINFO
SIGUSR1: SIG_DFL, sa_mask[0]=00000000000000000000000000000000, sa_flags=none
SIGUSR2: [libjvm.dylib+0x48055e], sa_mask[0]=00100000000000000000000000000000, sa_flags=SA_RESTART|SA_SIGINFO
SIGHUP: [libjvm.dylib+0x47eb35], sa_mask[0]=11111111011111110111111111111111, sa_flags=SA_RESTART|SA_SIGINFO
SIGINT: [libjvm.dylib+0x47eb35], sa_mask[0]=11111111011111110111111111111111, sa_flags=SA_RESTART|SA_SIGINFO
SIGTERM: [libjvm.dylib+0x47eb35], sa_mask[0]=11111111011111110111111111111111, sa_flags=SA_RESTART|SA_SIGINFO
SIGQUIT: [libjvm.dylib+0x47eb35], sa_mask[0]=11111111011111110111111111111111, sa_flags=SA_RESTART|SA_SIGINFO


---------------  S Y S T E M  ---------------

OS:Bsduname:Darwin 15.6.0 Darwin Kernel Version 15.6.0: Mon Jan  9 23:07:29 PST 2017; root:xnu-3248.60.11.2.1~1/RELEASE_X86_64 x86_64
rlimit: STACK 8192k, CORE 0k, NPROC 709, NOFILE 10240, AS infinity
load average:5.06 5.85 5.14

CPU:total 4 (2 cores per cpu, 2 threads per core) family 6 model 69 stepping 1, cmov, cx8, fxsr, mmx, sse, sse2, sse3, ssse3, sse4.1, sse4.2, popcnt, avx, avx2, aes, clmul, erms, lzcnt, ht, tsc, tscinvbit, bmi1, bmi2

Memory: 4k page, physical 16777216k(3083064k free)

/proc/meminfo:


vm_info: Java HotSpot(TM) 64-Bit Server VM (25.65-b01) for bsd-amd64 JRE (1.8.0_65-b17), built on Oct  6 2015 15:36:46 by "java_re" with gcc 4.2.1 (Based on Apple Inc. build 5658) (LLVM build 2336.11.00)

time: Wed Mar 15 10:59:00 2017
elapsed time: 1484 seconds (0d 0h 24m 44s)

